<?xml version="1.0" encoding="UTF-8"?>
<!-- Generated by org.testng.reporters.JUnitReportReporter -->
<testsuite hostname="AQTSWSCHPAR" failures="0" tests="1" name="pe.com.galaxy.Tarea1" time="18.683" errors="0" timestamp="2022-09-13T23:05:07 COT" skipped="0">
  <testcase classname="pe.com.galaxy.Tarea1" name="Tarea" time="18.683"/>
  <system-out/>
</testsuite> <!-- pe.com.galaxy.Tarea1 -->
