<?xml version="1.0" encoding="UTF-8"?>
<!-- Generated by org.testng.reporters.JUnitReportReporter -->
<testsuite hostname="AQTSWSCHPAR" failures="0" tests="1" name="pe.com.galaxy.Rlocators" time="11.319" errors="0" timestamp="2022-09-13T20:30:39 COT" skipped="0">
  <testcase classname="pe.com.galaxy.Rlocators" name="getText" time="11.319"/>
  <system-out/>
</testsuite> <!-- pe.com.galaxy.Rlocators -->
