<?xml version="1.0" encoding="UTF-8"?>
<!-- Generated by org.testng.reporters.JUnitReportReporter -->
<testsuite hostname="AQTSWSCHPAR" failures="0" tests="1" name="pe.com.galaxy.WebElemenName" time="10.375" errors="0" timestamp="2022-09-11T23:33:38 COT" skipped="0">
  <testcase classname="pe.com.galaxy.WebElemenName" name="login" time="10.375"/>
  <system-out/>
</testsuite> <!-- pe.com.galaxy.WebElemenName -->
